[  319113ms] [ERROR] ./tsconfig.json:44:2
An issue occurred while parsing a tsconfig.json file.
  42 |     "packages/database"
  43 |   ]
> 44 | }
     |  ^
> 45 | ```
     | ^^
  46 | 

tsconfig is not parseable: invalid JSON: Unexpected token @ http://localhost:3000/_next/static/chunks/node_modules_next_dist_f3530cac._.js:3127
[  319114ms] [ERROR] ./src/app/[locale]/page.tsx:4:1
Module not found: Can't resolve '@/components/public/AboutSection'
  2 | import { HeroSection } from '@/components/public/HeroSection'
  3 | import { ValueCards } from '@/components/public/ValueCards'
> 4 | import { AboutSection } from '@/components/public/AboutSection'
    | ^^^^^^^^^^^^^^^^^^^^^^^^^^^^^^^^^^^^^^^^^^^^^^^^^^^^^^^^^^^^^^^
  5 | import { ServicesGrid } from '@/components/public/ServicesGrid'
  6 | import { TabbedContent } from '@/components/public/TabbedContent'
  7 | import { TestimonialsCarousel } from '@/components/public/TestimonialsCarousel'

https://nextjs.org/docs/messages/module-not-found @ http://localhost:3000/_next/static/chunks/node_modules_next_dist_f3530cac._.js:3127
[  319114ms] [ERROR] ./src/app/[locale]/page.tsx:8:1
Module not found: Can't resolve '@/components/public/CTABanner'
   6 | import { TabbedContent } from '@/components/public/TabbedContent'
   7 | import { TestimonialsCarousel } from '@/components/public/TestimonialsCarousel'
>  8 | import { CTABanner } from '@/components/public/CTABanner'
     | ^^^^^^^^^^^^^^^^^^^^^^^^^^^^^^^^^^^^^^^^^^^^^^^^^^^^^^^^^
   9 | import { ContactSection } from '@/components/public/ContactSection'
  10 |
  11 | export default function HomePage() {

https://nextjs.org/docs/messages/module-not-found @ http://localhost:3000/_next/static/chunks/node_modules_next_dist_f3530cac._.js:3127
[  319114ms] [ERROR] ./src/app/[locale]/page.tsx:9:1
Module not found: Can't resolve '@/components/public/ContactSection'
   7 | import { TestimonialsCarousel } from '@/components/public/TestimonialsCarousel'
   8 | import { CTABanner } from '@/components/public/CTABanner'
>  9 | import { ContactSection } from '@/components/public/ContactSection'
     | ^^^^^^^^^^^^^^^^^^^^^^^^^^^^^^^^^^^^^^^^^^^^^^^^^^^^^^^^^^^^^^^^^^^
  10 |
  11 | export default function HomePage() {
  12 |   return (

https://nextjs.org/docs/messages/module-not-found @ http://localhost:3000/_next/static/chunks/node_modules_next_dist_f3530cac._.js:3127
[  319114ms] [ERROR] ./src/app/[locale]/page.tsx:2:1
Module not found: Can't resolve '@/components/public/HeroSection'
  1 | import { PublicPageWrapper } from '@/components/public/PublicPageWrapper'
> 2 | import { HeroSection } from '@/components/public/HeroSection'
    | ^^^^^^^^^^^^^^^^^^^^^^^^^^^^^^^^^^^^^^^^^^^^^^^^^^^^^^^^^^^^^
  3 | import { ValueCards } from '@/components/public/ValueCards'
  4 | import { AboutSection } from '@/components/public/AboutSection'
  5 | import { ServicesGrid } from '@/components/public/ServicesGrid'

https://nextjs.org/docs/messages/module-not-found @ http://localhost:3000/_next/static/chunks/node_modules_next_dist_f3530cac._.js:3127
[  319115ms] [ERROR] ./src/app/[locale]/page.tsx:1:1
Module not found: Can't resolve '@/components/public/PublicPageWrapper'
> 1 | import { PublicPageWrapper } from '@/components/public/PublicPageWrapper'
    | ^^^^^^^^^^^^^^^^^^^^^^^^^^^^^^^^^^^^^^^^^^^^^^^^^^^^^^^^^^^^^^^^^^^^^^^^^
  2 | import { HeroSection } from '@/components/public/HeroSection'
  3 | import { ValueCards } from '@/components/public/ValueCards'
  4 | import { AboutSection } from '@/components/public/AboutSection'

https://nextjs.org/docs/messages/module-not-found @ http://localhost:3000/_next/static/chunks/node_modules_next_dist_f3530cac._.js:3127
[  319115ms] [ERROR] ./src/app/[locale]/page.tsx:5:1
Module not found: Can't resolve '@/components/public/ServicesGrid'
  3 | import { ValueCards } from '@/components/public/ValueCards'
  4 | import { AboutSection } from '@/components/public/AboutSection'
> 5 | import { ServicesGrid } from '@/components/public/ServicesGrid'
    | ^^^^^^^^^^^^^^^^^^^^^^^^^^^^^^^^^^^^^^^^^^^^^^^^^^^^^^^^^^^^^^^
  6 | import { TabbedContent } from '@/components/public/TabbedContent'
  7 | import { TestimonialsCarousel } from '@/components/public/TestimonialsCarousel'
  8 | import { CTABanner } from '@/components/public/CTABanner'

https://nextjs.org/docs/messages/module-not-found @ http://localhost:3000/_next/static/chunks/node_modules_next_dist_f3530cac._.js:3127
[  319115ms] [ERROR] ./src/app/[locale]/page.tsx:6:1
Module not found: Can't resolve '@/components/public/TabbedContent'
  4 | import { AboutSection } from '@/components/public/AboutSection'
  5 | import { ServicesGrid } from '@/components/public/ServicesGrid'
> 6 | import { TabbedContent } from '@/components/public/TabbedContent'
    | ^^^^^^^^^^^^^^^^^^^^^^^^^^^^^^^^^^^^^^^^^^^^^^^^^^^^^^^^^^^^^^^^^
  7 | import { TestimonialsCarousel } from '@/components/public/TestimonialsCarousel'
  8 | import { CTABanner } from '@/components/public/CTABanner'
  9 | import { ContactSection } from '@/components/public/ContactSection'

https://nextjs.org/docs/messages/module-not-found @ http://localhost:3000/_next/static/chunks/node_modules_next_dist_f3530cac._.js:3127
[  319115ms] [ERROR] ./src/app/[locale]/page.tsx:7:1
Module not found: Can't resolve '@/components/public/TestimonialsCarousel'
   5 | import { ServicesGrid } from '@/components/public/ServicesGrid'
   6 | import { TabbedContent } from '@/components/public/TabbedContent'
>  7 | import { TestimonialsCarousel } from '@/components/public/TestimonialsCarousel'
     | ^^^^^^^^^^^^^^^^^^^^^^^^^^^^^^^^^^^^^^^^^^^^^^^^^^^^^^^^^^^^^^^^^^^^^^^^^^^^^^^
   8 | import { CTABanner } from '@/components/public/CTABanner'
   9 | import { ContactSection } from '@/components/public/ContactSection'
  10 |

https://nextjs.org/docs/messages/module-not-found @ http://localhost:3000/_next/static/chunks/node_modules_next_dist_f3530cac._.js:3127
[  319115ms] [ERROR] ./src/app/[locale]/page.tsx:3:1
Module not found: Can't resolve '@/components/public/ValueCards'
  1 | import { PublicPageWrapper } from '@/components/public/PublicPageWrapper'
  2 | import { HeroSection } from '@/components/public/HeroSection'
> 3 | import { ValueCards } from '@/components/public/ValueCards'
    | ^^^^^^^^^^^^^^^^^^^^^^^^^^^^^^^^^^^^^^^^^^^^^^^^^^^^^^^^^^^
  4 | import { AboutSection } from '@/components/public/AboutSection'
  5 | import { ServicesGrid } from '@/components/public/ServicesGrid'
  6 | import { TabbedContent } from '@/components/public/TabbedContent'

https://nextjs.org/docs/messages/module-not-found @ http://localhost:3000/_next/static/chunks/node_modules_next_dist_f3530cac._.js:3127
[  319115ms] [ERROR] ./src/app/[locale]/layout.tsx:6:1
Module not found: Can't resolve '@/config/siteConfig'
  4 | import { routing } from '@/i18n/routing';
  5 | import type { Metadata } from 'next'
> 6 | import { siteConfig } from '@/config/siteConfig'
    | ^^^^^^^^^^^^^^^^^^^^^^^^^^^^^^^^^^^^^^^^^^^^^^^^
  7 | import '../globals.css'
  8 |
  9 | export const metadata: Metadata = {

https://nextjs.org/docs/messages/module-not-found @ http://localhost:3000/_next/static/chunks/node_modules_next_dist_f3530cac._.js:3127
[  319115ms] [ERROR] ./src/app/[locale]/layout.tsx:4:1
Module not found: Can't resolve '@/i18n/routing'
  2 | import { getMessages } from 'next-intl/server';
  3 | import { notFound } from 'next/navigation';
> 4 | import { routing } from '@/i18n/routing';
    | ^^^^^^^^^^^^^^^^^^^^^^^^^^^^^^^^^^^^^^^^^
  5 | import type { Metadata } from 'next'
  6 | import { siteConfig } from '@/config/siteConfig'
  7 | import '../globals.css'

https://nextjs.org/docs/messages/module-not-found @ http://localhost:3000/_next/static/chunks/node_modules_next_dist_f3530cac._.js:3127
[  320759ms] [ERROR] ./tsconfig.json:44:2
An issue occurred while parsing a tsconfig.json file.
  42 |     "packages/database"
  43 |   ]
> 44 | }
     |  ^
> 45 | ```
     | ^^
  46 | 

tsconfig is not parseable: invalid JSON: Unexpected token @ http://localhost:3000/_next/static/chunks/node_modules_next_dist_f3530cac._.js:3127
[  320760ms] [ERROR] ./src/app/[locale]/page.tsx:4:1
Module not found: Can't resolve '@/components/public/AboutSection'
  2 | import { HeroSection } from '@/components/public/HeroSection'
  3 | import { ValueCards } from '@/components/public/ValueCards'
> 4 | import { AboutSection } from '@/components/public/AboutSection'
    | ^^^^^^^^^^^^^^^^^^^^^^^^^^^^^^^^^^^^^^^^^^^^^^^^^^^^^^^^^^^^^^^
  5 | import { ServicesGrid } from '@/components/public/ServicesGrid'
  6 | import { TabbedContent } from '@/components/public/TabbedContent'
  7 | import { TestimonialsCarousel } from '@/components/public/TestimonialsCarousel'

https://nextjs.org/docs/messages/module-not-found @ http://localhost:3000/_next/static/chunks/node_modules_next_dist_f3530cac._.js:3127
[  320760ms] [ERROR] ./src/app/[locale]/page.tsx:8:1
Module not found: Can't resolve '@/components/public/CTABanner'
   6 | import { TabbedContent } from '@/components/public/TabbedContent'
   7 | import { TestimonialsCarousel } from '@/components/public/TestimonialsCarousel'
>  8 | import { CTABanner } from '@/components/public/CTABanner'
     | ^^^^^^^^^^^^^^^^^^^^^^^^^^^^^^^^^^^^^^^^^^^^^^^^^^^^^^^^^
   9 | import { ContactSection } from '@/components/public/ContactSection'
  10 |
  11 | export default function HomePage() {

https://nextjs.org/docs/messages/module-not-found @ http://localhost:3000/_next/static/chunks/node_modules_next_dist_f3530cac._.js:3127
[  320760ms] [ERROR] ./src/app/[locale]/page.tsx:9:1
Module not found: Can't resolve '@/components/public/ContactSection'
   7 | import { TestimonialsCarousel } from '@/components/public/TestimonialsCarousel'
   8 | import { CTABanner } from '@/components/public/CTABanner'
>  9 | import { ContactSection } from '@/components/public/ContactSection'
     | ^^^^^^^^^^^^^^^^^^^^^^^^^^^^^^^^^^^^^^^^^^^^^^^^^^^^^^^^^^^^^^^^^^^
  10 |
  11 | export default function HomePage() {
  12 |   return (

https://nextjs.org/docs/messages/module-not-found @ http://localhost:3000/_next/static/chunks/node_modules_next_dist_f3530cac._.js:3127
[  320760ms] [ERROR] ./src/app/[locale]/page.tsx:2:1
Module not found: Can't resolve '@/components/public/HeroSection'
  1 | import { PublicPageWrapper } from '@/components/public/PublicPageWrapper'
> 2 | import { HeroSection } from '@/components/public/HeroSection'
    | ^^^^^^^^^^^^^^^^^^^^^^^^^^^^^^^^^^^^^^^^^^^^^^^^^^^^^^^^^^^^^
  3 | import { ValueCards } from '@/components/public/ValueCards'
  4 | import { AboutSection } from '@/components/public/AboutSection'
  5 | import { ServicesGrid } from '@/components/public/ServicesGrid'

https://nextjs.org/docs/messages/module-not-found @ http://localhost:3000/_next/static/chunks/node_modules_next_dist_f3530cac._.js:3127
[  320760ms] [ERROR] ./src/app/[locale]/page.tsx:1:1
Module not found: Can't resolve '@/components/public/PublicPageWrapper'
> 1 | import { PublicPageWrapper } from '@/components/public/PublicPageWrapper'
    | ^^^^^^^^^^^^^^^^^^^^^^^^^^^^^^^^^^^^^^^^^^^^^^^^^^^^^^^^^^^^^^^^^^^^^^^^^
  2 | import { HeroSection } from '@/components/public/HeroSection'
  3 | import { ValueCards } from '@/components/public/ValueCards'
  4 | import { AboutSection } from '@/components/public/AboutSection'

https://nextjs.org/docs/messages/module-not-found @ http://localhost:3000/_next/static/chunks/node_modules_next_dist_f3530cac._.js:3127
[  320760ms] [ERROR] ./src/app/[locale]/page.tsx:5:1
Module not found: Can't resolve '@/components/public/ServicesGrid'
  3 | import { ValueCards } from '@/components/public/ValueCards'
  4 | import { AboutSection } from '@/components/public/AboutSection'
> 5 | import { ServicesGrid } from '@/components/public/ServicesGrid'
    | ^^^^^^^^^^^^^^^^^^^^^^^^^^^^^^^^^^^^^^^^^^^^^^^^^^^^^^^^^^^^^^^
  6 | import { TabbedContent } from '@/components/public/TabbedContent'
  7 | import { TestimonialsCarousel } from '@/components/public/TestimonialsCarousel'
  8 | import { CTABanner } from '@/components/public/CTABanner'

https://nextjs.org/docs/messages/module-not-found @ http://localhost:3000/_next/static/chunks/node_modules_next_dist_f3530cac._.js:3127
[  320760ms] [ERROR] ./src/app/[locale]/page.tsx:6:1
Module not found: Can't resolve '@/components/public/TabbedContent'
  4 | import { AboutSection } from '@/components/public/AboutSection'
  5 | import { ServicesGrid } from '@/components/public/ServicesGrid'
> 6 | import { TabbedContent } from '@/components/public/TabbedContent'
    | ^^^^^^^^^^^^^^^^^^^^^^^^^^^^^^^^^^^^^^^^^^^^^^^^^^^^^^^^^^^^^^^^^
  7 | import { TestimonialsCarousel } from '@/components/public/TestimonialsCarousel'
  8 | import { CTABanner } from '@/components/public/CTABanner'
  9 | import { ContactSection } from '@/components/public/ContactSection'

https://nextjs.org/docs/messages/module-not-found @ http://localhost:3000/_next/static/chunks/node_modules_next_dist_f3530cac._.js:3127
[  320761ms] [ERROR] ./src/app/[locale]/page.tsx:7:1
Module not found: Can't resolve '@/components/public/TestimonialsCarousel'
   5 | import { ServicesGrid } from '@/components/public/ServicesGrid'
   6 | import { TabbedContent } from '@/components/public/TabbedContent'
>  7 | import { TestimonialsCarousel } from '@/components/public/TestimonialsCarousel'
     | ^^^^^^^^^^^^^^^^^^^^^^^^^^^^^^^^^^^^^^^^^^^^^^^^^^^^^^^^^^^^^^^^^^^^^^^^^^^^^^^
   8 | import { CTABanner } from '@/components/public/CTABanner'
   9 | import { ContactSection } from '@/components/public/ContactSection'
  10 |

https://nextjs.org/docs/messages/module-not-found @ http://localhost:3000/_next/static/chunks/node_modules_next_dist_f3530cac._.js:3127
[  320761ms] [ERROR] ./src/app/[locale]/page.tsx:3:1
Module not found: Can't resolve '@/components/public/ValueCards'
  1 | import { PublicPageWrapper } from '@/components/public/PublicPageWrapper'
  2 | import { HeroSection } from '@/components/public/HeroSection'
> 3 | import { ValueCards } from '@/components/public/ValueCards'
    | ^^^^^^^^^^^^^^^^^^^^^^^^^^^^^^^^^^^^^^^^^^^^^^^^^^^^^^^^^^^
  4 | import { AboutSection } from '@/components/public/AboutSection'
  5 | import { ServicesGrid } from '@/components/public/ServicesGrid'
  6 | import { TabbedContent } from '@/components/public/TabbedContent'

https://nextjs.org/docs/messages/module-not-found @ http://localhost:3000/_next/static/chunks/node_modules_next_dist_f3530cac._.js:3127
[  320761ms] [ERROR] ./src/app/[locale]/layout.tsx:6:1
Module not found: Can't resolve '@/config/siteConfig'
  4 | import { routing } from '@/i18n/routing';
  5 | import type { Metadata } from 'next'
> 6 | import { siteConfig } from '@/config/siteConfig'
    | ^^^^^^^^^^^^^^^^^^^^^^^^^^^^^^^^^^^^^^^^^^^^^^^^
  7 | import '../globals.css'
  8 |
  9 | export const metadata: Metadata = {

https://nextjs.org/docs/messages/module-not-found @ http://localhost:3000/_next/static/chunks/node_modules_next_dist_f3530cac._.js:3127
[  320761ms] [ERROR] ./src/app/[locale]/layout.tsx:4:1
Module not found: Can't resolve '@/i18n/routing'
  2 | import { getMessages } from 'next-intl/server';
  3 | import { notFound } from 'next/navigation';
> 4 | import { routing } from '@/i18n/routing';
    | ^^^^^^^^^^^^^^^^^^^^^^^^^^^^^^^^^^^^^^^^^
  5 | import type { Metadata } from 'next'
  6 | import { siteConfig } from '@/config/siteConfig'
  7 | import '../globals.css'

https://nextjs.org/docs/messages/module-not-found @ http://localhost:3000/_next/static/chunks/node_modules_next_dist_f3530cac._.js:3127
[  320951ms] [ERROR] ./tsconfig.json:44:2
An issue occurred while parsing a tsconfig.json file.
  42 |     "packages/database"
  43 |   ]
> 44 | }
     |  ^
> 45 | ```
     | ^^
  46 | 

tsconfig is not parseable: invalid JSON: Unexpected token @ http://localhost:3000/_next/static/chunks/node_modules_next_dist_f3530cac._.js:3127
[  320951ms] [ERROR] ./src/app/[locale]/page.tsx:4:1
Module not found: Can't resolve '@/components/public/AboutSection'
  2 | import { HeroSection } from '@/components/public/HeroSection'
  3 | import { ValueCards } from '@/components/public/ValueCards'
> 4 | import { AboutSection } from '@/components/public/AboutSection'
    | ^^^^^^^^^^^^^^^^^^^^^^^^^^^^^^^^^^^^^^^^^^^^^^^^^^^^^^^^^^^^^^^
  5 | import { ServicesGrid } from '@/components/public/ServicesGrid'
  6 | import { TabbedContent } from '@/components/public/TabbedContent'
  7 | import { TestimonialsCarousel } from '@/components/public/TestimonialsCarousel'

https://nextjs.org/docs/messages/module-not-found @ http://localhost:3000/_next/static/chunks/node_modules_next_dist_f3530cac._.js:3127
[  320951ms] [ERROR] ./src/app/[locale]/page.tsx:8:1
Module not found: Can't resolve '@/components/public/CTABanner'
   6 | import { TabbedContent } from '@/components/public/TabbedContent'
   7 | import { TestimonialsCarousel } from '@/components/public/TestimonialsCarousel'
>  8 | import { CTABanner } from '@/components/public/CTABanner'
     | ^^^^^^^^^^^^^^^^^^^^^^^^^^^^^^^^^^^^^^^^^^^^^^^^^^^^^^^^^
   9 | import { ContactSection } from '@/components/public/ContactSection'
  10 |
  11 | export default function HomePage() {

https://nextjs.org/docs/messages/module-not-found @ http://localhost:3000/_next/static/chunks/node_modules_next_dist_f3530cac._.js:3127
[  320951ms] [ERROR] ./src/app/[locale]/page.tsx:9:1
Module not found: Can't resolve '@/components/public/ContactSection'
   7 | import { TestimonialsCarousel } from '@/components/public/TestimonialsCarousel'
   8 | import { CTABanner } from '@/components/public/CTABanner'
>  9 | import { ContactSection } from '@/components/public/ContactSection'
     | ^^^^^^^^^^^^^^^^^^^^^^^^^^^^^^^^^^^^^^^^^^^^^^^^^^^^^^^^^^^^^^^^^^^
  10 |
  11 | export default function HomePage() {
  12 |   return (

https://nextjs.org/docs/messages/module-not-found @ http://localhost:3000/_next/static/chunks/node_modules_next_dist_f3530cac._.js:3127
[  320952ms] [ERROR] ./src/app/[locale]/page.tsx:2:1
Module not found: Can't resolve '@/components/public/HeroSection'
  1 | import { PublicPageWrapper } from '@/components/public/PublicPageWrapper'
> 2 | import { HeroSection } from '@/components/public/HeroSection'
    | ^^^^^^^^^^^^^^^^^^^^^^^^^^^^^^^^^^^^^^^^^^^^^^^^^^^^^^^^^^^^^
  3 | import { ValueCards } from '@/components/public/ValueCards'
  4 | import { AboutSection } from '@/components/public/AboutSection'
  5 | import { ServicesGrid } from '@/components/public/ServicesGrid'

https://nextjs.org/docs/messages/module-not-found @ http://localhost:3000/_next/static/chunks/node_modules_next_dist_f3530cac._.js:3127
[  320952ms] [ERROR] ./src/app/[locale]/page.tsx:1:1
Module not found: Can't resolve '@/components/public/PublicPageWrapper'
> 1 | import { PublicPageWrapper } from '@/components/public/PublicPageWrapper'
    | ^^^^^^^^^^^^^^^^^^^^^^^^^^^^^^^^^^^^^^^^^^^^^^^^^^^^^^^^^^^^^^^^^^^^^^^^^
  2 | import { HeroSection } from '@/components/public/HeroSection'
  3 | import { ValueCards } from '@/components/public/ValueCards'
  4 | import { AboutSection } from '@/components/public/AboutSection'

https://nextjs.org/docs/messages/module-not-found @ http://localhost:3000/_next/static/chunks/node_modules_next_dist_f3530cac._.js:3127
[  320952ms] [ERROR] ./src/app/[locale]/page.tsx:5:1
Module not found: Can't resolve '@/components/public/ServicesGrid'
  3 | import { ValueCards } from '@/components/public/ValueCards'
  4 | import { AboutSection } from '@/components/public/AboutSection'
> 5 | import { ServicesGrid } from '@/components/public/ServicesGrid'
    | ^^^^^^^^^^^^^^^^^^^^^^^^^^^^^^^^^^^^^^^^^^^^^^^^^^^^^^^^^^^^^^^
  6 | import { TabbedContent } from '@/components/public/TabbedContent'
  7 | import { TestimonialsCarousel } from '@/components/public/TestimonialsCarousel'
  8 | import { CTABanner } from '@/components/public/CTABanner'

https://nextjs.org/docs/messages/module-not-found @ http://localhost:3000/_next/static/chunks/node_modules_next_dist_f3530cac._.js:3127
[  320952ms] [ERROR] ./src/app/[locale]/page.tsx:6:1
Module not found: Can't resolve '@/components/public/TabbedContent'
  4 | import { AboutSection } from '@/components/public/AboutSection'
  5 | import { ServicesGrid } from '@/components/public/ServicesGrid'
> 6 | import { TabbedContent } from '@/components/public/TabbedContent'
    | ^^^^^^^^^^^^^^^^^^^^^^^^^^^^^^^^^^^^^^^^^^^^^^^^^^^^^^^^^^^^^^^^^
  7 | import { TestimonialsCarousel } from '@/components/public/TestimonialsCarousel'
  8 | import { CTABanner } from '@/components/public/CTABanner'
  9 | import { ContactSection } from '@/components/public/ContactSection'

https://nextjs.org/docs/messages/module-not-found @ http://localhost:3000/_next/static/chunks/node_modules_next_dist_f3530cac._.js:3127
[  320952ms] [ERROR] ./src/app/[locale]/page.tsx:7:1
Module not found: Can't resolve '@/components/public/TestimonialsCarousel'
   5 | import { ServicesGrid } from '@/components/public/ServicesGrid'
   6 | import { TabbedContent } from '@/components/public/TabbedContent'
>  7 | import { TestimonialsCarousel } from '@/components/public/TestimonialsCarousel'
     | ^^^^^^^^^^^^^^^^^^^^^^^^^^^^^^^^^^^^^^^^^^^^^^^^^^^^^^^^^^^^^^^^^^^^^^^^^^^^^^^
   8 | import { CTABanner } from '@/components/public/CTABanner'
   9 | import { ContactSection } from '@/components/public/ContactSection'
  10 |

https://nextjs.org/docs/messages/module-not-found @ http://localhost:3000/_next/static/chunks/node_modules_next_dist_f3530cac._.js:3127
[  320952ms] [ERROR] ./src/app/[locale]/page.tsx:3:1
Module not found: Can't resolve '@/components/public/ValueCards'
  1 | import { PublicPageWrapper } from '@/components/public/PublicPageWrapper'
  2 | import { HeroSection } from '@/components/public/HeroSection'
> 3 | import { ValueCards } from '@/components/public/ValueCards'
    | ^^^^^^^^^^^^^^^^^^^^^^^^^^^^^^^^^^^^^^^^^^^^^^^^^^^^^^^^^^^
  4 | import { AboutSection } from '@/components/public/AboutSection'
  5 | import { ServicesGrid } from '@/components/public/ServicesGrid'
  6 | import { TabbedContent } from '@/components/public/TabbedContent'

https://nextjs.org/docs/messages/module-not-found @ http://localhost:3000/_next/static/chunks/node_modules_next_dist_f3530cac._.js:3127
[  320952ms] [ERROR] ./src/app/[locale]/layout.tsx:6:1
Module not found: Can't resolve '@/config/siteConfig'
  4 | import { routing } from '@/i18n/routing';
  5 | import type { Metadata } from 'next'
> 6 | import { siteConfig } from '@/config/siteConfig'
    | ^^^^^^^^^^^^^^^^^^^^^^^^^^^^^^^^^^^^^^^^^^^^^^^^
  7 | import '../globals.css'
  8 |
  9 | export const metadata: Metadata = {

https://nextjs.org/docs/messages/module-not-found @ http://localhost:3000/_next/static/chunks/node_modules_next_dist_f3530cac._.js:3127
[  320952ms] [ERROR] ./src/app/[locale]/layout.tsx:4:1
Module not found: Can't resolve '@/i18n/routing'
  2 | import { getMessages } from 'next-intl/server';
  3 | import { notFound } from 'next/navigation';
> 4 | import { routing } from '@/i18n/routing';
    | ^^^^^^^^^^^^^^^^^^^^^^^^^^^^^^^^^^^^^^^^^
  5 | import type { Metadata } from 'next'
  6 | import { siteConfig } from '@/config/siteConfig'
  7 | import '../globals.css'

https://nextjs.org/docs/messages/module-not-found @ http://localhost:3000/_next/static/chunks/node_modules_next_dist_f3530cac._.js:3127
[  322163ms] [ERROR] ./tsconfig.json:44:2
An issue occurred while parsing a tsconfig.json file.
  42 |     "packages/database"
  43 |   ]
> 44 | }
     |  ^
> 45 | ```
     | ^^
  46 | 

tsconfig is not parseable: invalid JSON: Unexpected token @ http://localhost:3000/_next/static/chunks/node_modules_next_dist_f3530cac._.js:3127
[  322163ms] [ERROR] ./src/app/[locale]/page.tsx:4:1
Module not found: Can't resolve '@/components/public/AboutSection'
  2 | import { HeroSection } from '@/components/public/HeroSection'
  3 | import { ValueCards } from '@/components/public/ValueCards'
> 4 | import { AboutSection } from '@/components/public/AboutSection'
    | ^^^^^^^^^^^^^^^^^^^^^^^^^^^^^^^^^^^^^^^^^^^^^^^^^^^^^^^^^^^^^^^
  5 | import { ServicesGrid } from '@/components/public/ServicesGrid'
  6 | import { TabbedContent } from '@/components/public/TabbedContent'
  7 | import { TestimonialsCarousel } from '@/components/public/TestimonialsCarousel'

https://nextjs.org/docs/messages/module-not-found @ http://localhost:3000/_next/static/chunks/node_modules_next_dist_f3530cac._.js:3127
[  322163ms] [ERROR] ./src/app/[locale]/page.tsx:8:1
Module not found: Can't resolve '@/components/public/CTABanner'
   6 | import { TabbedContent } from '@/components/public/TabbedContent'
   7 | import { TestimonialsCarousel } from '@/components/public/TestimonialsCarousel'
>  8 | import { CTABanner } from '@/components/public/CTABanner'
     | ^^^^^^^^^^^^^^^^^^^^^^^^^^^^^^^^^^^^^^^^^^^^^^^^^^^^^^^^^
   9 | import { ContactSection } from '@/components/public/ContactSection'
  10 |
  11 | export default function HomePage() {

https://nextjs.org/docs/messages/module-not-found @ http://localhost:3000/_next/static/chunks/node_modules_next_dist_f3530cac._.js:3127
[  322163ms] [ERROR] ./src/app/[locale]/page.tsx:9:1
Module not found: Can't resolve '@/components/public/ContactSection'
   7 | import { TestimonialsCarousel } from '@/components/public/TestimonialsCarousel'
   8 | import { CTABanner } from '@/components/public/CTABanner'
>  9 | import { ContactSection } from '@/components/public/ContactSection'
     | ^^^^^^^^^^^^^^^^^^^^^^^^^^^^^^^^^^^^^^^^^^^^^^^^^^^^^^^^^^^^^^^^^^^
  10 |
  11 | export default function HomePage() {
  12 |   return (

https://nextjs.org/docs/messages/module-not-found @ http://localhost:3000/_next/static/chunks/node_modules_next_dist_f3530cac._.js:3127
[  322164ms] [ERROR] ./src/app/[locale]/page.tsx:2:1
Module not found: Can't resolve '@/components/public/HeroSection'
  1 | import { PublicPageWrapper } from '@/components/public/PublicPageWrapper'
> 2 | import { HeroSection } from '@/components/public/HeroSection'
    | ^^^^^^^^^^^^^^^^^^^^^^^^^^^^^^^^^^^^^^^^^^^^^^^^^^^^^^^^^^^^^
  3 | import { ValueCards } from '@/components/public/ValueCards'
  4 | import { AboutSection } from '@/components/public/AboutSection'
  5 | import { ServicesGrid } from '@/components/public/ServicesGrid'

https://nextjs.org/docs/messages/module-not-found @ http://localhost:3000/_next/static/chunks/node_modules_next_dist_f3530cac._.js:3127
[  322164ms] [ERROR] ./src/app/[locale]/page.tsx:1:1
Module not found: Can't resolve '@/components/public/PublicPageWrapper'
> 1 | import { PublicPageWrapper } from '@/components/public/PublicPageWrapper'
    | ^^^^^^^^^^^^^^^^^^^^^^^^^^^^^^^^^^^^^^^^^^^^^^^^^^^^^^^^^^^^^^^^^^^^^^^^^
  2 | import { HeroSection } from '@/components/public/HeroSection'
  3 | import { ValueCards } from '@/components/public/ValueCards'
  4 | import { AboutSection } from '@/components/public/AboutSection'

https://nextjs.org/docs/messages/module-not-found @ http://localhost:3000/_next/static/chunks/node_modules_next_dist_f3530cac._.js:3127
[  322164ms] [ERROR] ./src/app/[locale]/page.tsx:5:1
Module not found: Can't resolve '@/components/public/ServicesGrid'
  3 | import { ValueCards } from '@/components/public/ValueCards'
  4 | import { AboutSection } from '@/components/public/AboutSection'
> 5 | import { ServicesGrid } from '@/components/public/ServicesGrid'
    | ^^^^^^^^^^^^^^^^^^^^^^^^^^^^^^^^^^^^^^^^^^^^^^^^^^^^^^^^^^^^^^^
  6 | import { TabbedContent } from '@/components/public/TabbedContent'
  7 | import { TestimonialsCarousel } from '@/components/public/TestimonialsCarousel'
  8 | import { CTABanner } from '@/components/public/CTABanner'

https://nextjs.org/docs/messages/module-not-found @ http://localhost:3000/_next/static/chunks/node_modules_next_dist_f3530cac._.js:3127
[  322164ms] [ERROR] ./src/app/[locale]/page.tsx:6:1
Module not found: Can't resolve '@/components/public/TabbedContent'
  4 | import { AboutSection } from '@/components/public/AboutSection'
  5 | import { ServicesGrid } from '@/components/public/ServicesGrid'
> 6 | import { TabbedContent } from '@/components/public/TabbedContent'
    | ^^^^^^^^^^^^^^^^^^^^^^^^^^^^^^^^^^^^^^^^^^^^^^^^^^^^^^^^^^^^^^^^^
  7 | import { TestimonialsCarousel } from '@/components/public/TestimonialsCarousel'
  8 | import { CTABanner } from '@/components/public/CTABanner'
  9 | import { ContactSection } from '@/components/public/ContactSection'

https://nextjs.org/docs/messages/module-not-found @ http://localhost:3000/_next/static/chunks/node_modules_next_dist_f3530cac._.js:3127
[  322164ms] [ERROR] ./src/app/[locale]/page.tsx:7:1
Module not found: Can't resolve '@/components/public/TestimonialsCarousel'
   5 | import { ServicesGrid } from '@/components/public/ServicesGrid'
   6 | import { TabbedContent } from '@/components/public/TabbedContent'
>  7 | import { TestimonialsCarousel } from '@/components/public/TestimonialsCarousel'
     | ^^^^^^^^^^^^^^^^^^^^^^^^^^^^^^^^^^^^^^^^^^^^^^^^^^^^^^^^^^^^^^^^^^^^^^^^^^^^^^^
   8 | import { CTABanner } from '@/components/public/CTABanner'
   9 | import { ContactSection } from '@/components/public/ContactSection'
  10 |

https://nextjs.org/docs/messages/module-not-found @ http://localhost:3000/_next/static/chunks/node_modules_next_dist_f3530cac._.js:3127
[  322164ms] [ERROR] ./src/app/[locale]/page.tsx:3:1
Module not found: Can't resolve '@/components/public/ValueCards'
  1 | import { PublicPageWrapper } from '@/components/public/PublicPageWrapper'
  2 | import { HeroSection } from '@/components/public/HeroSection'
> 3 | import { ValueCards } from '@/components/public/ValueCards'
    | ^^^^^^^^^^^^^^^^^^^^^^^^^^^^^^^^^^^^^^^^^^^^^^^^^^^^^^^^^^^
  4 | import { AboutSection } from '@/components/public/AboutSection'
  5 | import { ServicesGrid } from '@/components/public/ServicesGrid'
  6 | import { TabbedContent } from '@/components/public/TabbedContent'

https://nextjs.org/docs/messages/module-not-found @ http://localhost:3000/_next/static/chunks/node_modules_next_dist_f3530cac._.js:3127
[  322164ms] [ERROR] ./src/app/[locale]/layout.tsx:6:1
Module not found: Can't resolve '@/config/siteConfig'
  4 | import { routing } from '@/i18n/routing';
  5 | import type { Metadata } from 'next'
> 6 | import { siteConfig } from '@/config/siteConfig'
    | ^^^^^^^^^^^^^^^^^^^^^^^^^^^^^^^^^^^^^^^^^^^^^^^^
  7 | import '../globals.css'
  8 |
  9 | export const metadata: Metadata = {

https://nextjs.org/docs/messages/module-not-found @ http://localhost:3000/_next/static/chunks/node_modules_next_dist_f3530cac._.js:3127
[  322164ms] [ERROR] ./src/app/[locale]/layout.tsx:4:1
Module not found: Can't resolve '@/i18n/routing'
  2 | import { getMessages } from 'next-intl/server';
  3 | import { notFound } from 'next/navigation';
> 4 | import { routing } from '@/i18n/routing';
    | ^^^^^^^^^^^^^^^^^^^^^^^^^^^^^^^^^^^^^^^^^
  5 | import type { Metadata } from 'next'
  6 | import { siteConfig } from '@/config/siteConfig'
  7 | import '../globals.css'

https://nextjs.org/docs/messages/module-not-found @ http://localhost:3000/_next/static/chunks/node_modules_next_dist_f3530cac._.js:3127
[  322164ms] [ERROR] Failed to load resource: the server responded with a status of 500 (Internal Server Error) @ http://localhost:3000/es?_rsc=1tqvt:0
[  322210ms] [ERROR] Failed to load resource: the server responded with a status of 500 (Internal Server Error) @ http://localhost:3000/es?_rsc=1tqvt:0
[  322262ms] [ERROR] Failed to load resource: the server responded with a status of 500 (Internal Server Error) @ http://localhost:3000/es?_rsc=1tqvt:0
[  322310ms] [ERROR] Failed to load resource: the server responded with a status of 500 (Internal Server Error) @ http://localhost:3000/es?_rsc=1tqvt:0
[  322399ms] [ERROR] ./tsconfig.json:44:2
An issue occurred while parsing a tsconfig.json file.
  42 |     "packages/database"
  43 |   ]
> 44 | }
     |  ^
> 45 | ```
     | ^^
  46 | 

tsconfig is not parseable: invalid JSON: Unexpected token @ http://localhost:3000/_next/static/chunks/node_modules_next_dist_f3530cac._.js:3127
[  322400ms] [ERROR] ./src/app/[locale]/page.tsx:4:1
Module not found: Can't resolve '@/components/public/AboutSection'
  2 | import { HeroSection } from '@/components/public/HeroSection'
  3 | import { ValueCards } from '@/components/public/ValueCards'
> 4 | import { AboutSection } from '@/components/public/AboutSection'
    | ^^^^^^^^^^^^^^^^^^^^^^^^^^^^^^^^^^^^^^^^^^^^^^^^^^^^^^^^^^^^^^^
  5 | import { ServicesGrid } from '@/components/public/ServicesGrid'
  6 | import { TabbedContent } from '@/components/public/TabbedContent'
  7 | import { TestimonialsCarousel } from '@/components/public/TestimonialsCarousel'

https://nextjs.org/docs/messages/module-not-found @ http://localhost:3000/_next/static/chunks/node_modules_next_dist_f3530cac._.js:3127
[  322400ms] [ERROR] ./src/app/[locale]/page.tsx:8:1
Module not found: Can't resolve '@/components/public/CTABanner'
   6 | import { TabbedContent } from '@/components/public/TabbedContent'
   7 | import { TestimonialsCarousel } from '@/components/public/TestimonialsCarousel'
>  8 | import { CTABanner } from '@/components/public/CTABanner'
     | ^^^^^^^^^^^^^^^^^^^^^^^^^^^^^^^^^^^^^^^^^^^^^^^^^^^^^^^^^
   9 | import { ContactSection } from '@/components/public/ContactSection'
  10 |
  11 | export default function HomePage() {

https://nextjs.org/docs/messages/module-not-found @ http://localhost:3000/_next/static/chunks/node_modules_next_dist_f3530cac._.js:3127
[  322400ms] [ERROR] ./src/app/[locale]/page.tsx:9:1
Module not found: Can't resolve '@/components/public/ContactSection'
   7 | import { TestimonialsCarousel } from '@/components/public/TestimonialsCarousel'
   8 | import { CTABanner } from '@/components/public/CTABanner'
>  9 | import { ContactSection } from '@/components/public/ContactSection'
     | ^^^^^^^^^^^^^^^^^^^^^^^^^^^^^^^^^^^^^^^^^^^^^^^^^^^^^^^^^^^^^^^^^^^
  10 |
  11 | export default function HomePage() {
  12 |   return (

https://nextjs.org/docs/messages/module-not-found @ http://localhost:3000/_next/static/chunks/node_modules_next_dist_f3530cac._.js:3127
[  322400ms] [ERROR] ./src/app/[locale]/page.tsx:2:1
Module not found: Can't resolve '@/components/public/HeroSection'
  1 | import { PublicPageWrapper } from '@/components/public/PublicPageWrapper'
> 2 | import { HeroSection } from '@/components/public/HeroSection'
    | ^^^^^^^^^^^^^^^^^^^^^^^^^^^^^^^^^^^^^^^^^^^^^^^^^^^^^^^^^^^^^
  3 | import { ValueCards } from '@/components/public/ValueCards'
  4 | import { AboutSection } from '@/components/public/AboutSection'
  5 | import { ServicesGrid } from '@/components/public/ServicesGrid'

https://nextjs.org/docs/messages/module-not-found @ http://localhost:3000/_next/static/chunks/node_modules_next_dist_f3530cac._.js:3127
[  322400ms] [ERROR] ./src/app/[locale]/page.tsx:1:1
Module not found: Can't resolve '@/components/public/PublicPageWrapper'
> 1 | import { PublicPageWrapper } from '@/components/public/PublicPageWrapper'
    | ^^^^^^^^^^^^^^^^^^^^^^^^^^^^^^^^^^^^^^^^^^^^^^^^^^^^^^^^^^^^^^^^^^^^^^^^^
  2 | import { HeroSection } from '@/components/public/HeroSection'
  3 | import { ValueCards } from '@/components/public/ValueCards'
  4 | import { AboutSection } from '@/components/public/AboutSection'

https://nextjs.org/docs/messages/module-not-found @ http://localhost:3000/_next/static/chunks/node_modules_next_dist_f3530cac._.js:3127
[  322400ms] [ERROR] ./src/app/[locale]/page.tsx:5:1
Module not found: Can't resolve '@/components/public/ServicesGrid'
  3 | import { ValueCards } from '@/components/public/ValueCards'
  4 | import { AboutSection } from '@/components/public/AboutSection'
> 5 | import { ServicesGrid } from '@/components/public/ServicesGrid'
    | ^^^^^^^^^^^^^^^^^^^^^^^^^^^^^^^^^^^^^^^^^^^^^^^^^^^^^^^^^^^^^^^
  6 | import { TabbedContent } from '@/components/public/TabbedContent'
  7 | import { TestimonialsCarousel } from '@/components/public/TestimonialsCarousel'
  8 | import { CTABanner } from '@/components/public/CTABanner'

https://nextjs.org/docs/messages/module-not-found @ http://localhost:3000/_next/static/chunks/node_modules_next_dist_f3530cac._.js:3127
[  322400ms] [ERROR] ./src/app/[locale]/page.tsx:6:1
Module not found: Can't resolve '@/components/public/TabbedContent'
  4 | import { AboutSection } from '@/components/public/AboutSection'
  5 | import { ServicesGrid } from '@/components/public/ServicesGrid'
> 6 | import { TabbedContent } from '@/components/public/TabbedContent'
    | ^^^^^^^^^^^^^^^^^^^^^^^^^^^^^^^^^^^^^^^^^^^^^^^^^^^^^^^^^^^^^^^^^
  7 | import { TestimonialsCarousel } from '@/components/public/TestimonialsCarousel'
  8 | import { CTABanner } from '@/components/public/CTABanner'
  9 | import { ContactSection } from '@/components/public/ContactSection'

https://nextjs.org/docs/messages/module-not-found @ http://localhost:3000/_next/static/chunks/node_modules_next_dist_f3530cac._.js:3127
[  322401ms] [ERROR] ./src/app/[locale]/page.tsx:7:1
Module not found: Can't resolve '@/components/public/TestimonialsCarousel'
   5 | import { ServicesGrid } from '@/components/public/ServicesGrid'
   6 | import { TabbedContent } from '@/components/public/TabbedContent'
>  7 | import { TestimonialsCarousel } from '@/components/public/TestimonialsCarousel'
     | ^^^^^^^^^^^^^^^^^^^^^^^^^^^^^^^^^^^^^^^^^^^^^^^^^^^^^^^^^^^^^^^^^^^^^^^^^^^^^^^
   8 | import { CTABanner } from '@/components/public/CTABanner'
   9 | import { ContactSection } from '@/components/public/ContactSection'
  10 |

https://nextjs.org/docs/messages/module-not-found @ http://localhost:3000/_next/static/chunks/node_modules_next_dist_f3530cac._.js:3127
[  322401ms] [ERROR] ./src/app/[locale]/page.tsx:3:1
Module not found: Can't resolve '@/components/public/ValueCards'
  1 | import { PublicPageWrapper } from '@/components/public/PublicPageWrapper'
  2 | import { HeroSection } from '@/components/public/HeroSection'
> 3 | import { ValueCards } from '@/components/public/ValueCards'
    | ^^^^^^^^^^^^^^^^^^^^^^^^^^^^^^^^^^^^^^^^^^^^^^^^^^^^^^^^^^^
  4 | import { AboutSection } from '@/components/public/AboutSection'
  5 | import { ServicesGrid } from '@/components/public/ServicesGrid'
  6 | import { TabbedContent } from '@/components/public/TabbedContent'

https://nextjs.org/docs/messages/module-not-found @ http://localhost:3000/_next/static/chunks/node_modules_next_dist_f3530cac._.js:3127
[  322401ms] [ERROR] ./src/app/[locale]/layout.tsx:6:1
Module not found: Can't resolve '@/config/siteConfig'
  4 | import { routing } from '@/i18n/routing';
  5 | import type { Metadata } from 'next'
> 6 | import { siteConfig } from '@/config/siteConfig'
    | ^^^^^^^^^^^^^^^^^^^^^^^^^^^^^^^^^^^^^^^^^^^^^^^^
  7 | import '../globals.css'
  8 |
  9 | export const metadata: Metadata = {

https://nextjs.org/docs/messages/module-not-found @ http://localhost:3000/_next/static/chunks/node_modules_next_dist_f3530cac._.js:3127
[  322401ms] [ERROR] ./src/app/[locale]/layout.tsx:4:1
Module not found: Can't resolve '@/i18n/routing'
  2 | import { getMessages } from 'next-intl/server';
  3 | import { notFound } from 'next/navigation';
> 4 | import { routing } from '@/i18n/routing';
    | ^^^^^^^^^^^^^^^^^^^^^^^^^^^^^^^^^^^^^^^^^
  5 | import type { Metadata } from 'next'
  6 | import { siteConfig } from '@/config/siteConfig'
  7 | import '../globals.css'

https://nextjs.org/docs/messages/module-not-found @ http://localhost:3000/_next/static/chunks/node_modules_next_dist_f3530cac._.js:3127
[  322511ms] [ERROR] ./tsconfig.json:44:2
An issue occurred while parsing a tsconfig.json file.
  42 |     "packages/database"
  43 |   ]
> 44 | }
     |  ^
> 45 | ```
     | ^^
  46 | 

tsconfig is not parseable: invalid JSON: Unexpected token @ http://localhost:3000/_next/static/chunks/node_modules_next_dist_f3530cac._.js:3127
[  322511ms] [ERROR] ./src/app/[locale]/page.tsx:4:1
Module not found: Can't resolve '@/components/public/AboutSection'
  2 | import { HeroSection } from '@/components/public/HeroSection'
  3 | import { ValueCards } from '@/components/public/ValueCards'
> 4 | import { AboutSection } from '@/components/public/AboutSection'
    | ^^^^^^^^^^^^^^^^^^^^^^^^^^^^^^^^^^^^^^^^^^^^^^^^^^^^^^^^^^^^^^^
  5 | import { ServicesGrid } from '@/components/public/ServicesGrid'
  6 | import { TabbedContent } from '@/components/public/TabbedContent'
  7 | import { TestimonialsCarousel } from '@/components/public/TestimonialsCarousel'

https://nextjs.org/docs/messages/module-not-found @ http://localhost:3000/_next/static/chunks/node_modules_next_dist_f3530cac._.js:3127
[  322511ms] [ERROR] ./src/app/[locale]/page.tsx:8:1
Module not found: Can't resolve '@/components/public/CTABanner'
   6 | import { TabbedContent } from '@/components/public/TabbedContent'
   7 | import { TestimonialsCarousel } from '@/components/public/TestimonialsCarousel'
>  8 | import { CTABanner } from '@/components/public/CTABanner'
     | ^^^^^^^^^^^^^^^^^^^^^^^^^^^^^^^^^^^^^^^^^^^^^^^^^^^^^^^^^
   9 | import { ContactSection } from '@/components/public/ContactSection'
  10 |
  11 | export default function HomePage() {

https://nextjs.org/docs/messages/module-not-found @ http://localhost:3000/_next/static/chunks/node_modules_next_dist_f3530cac._.js:3127
[  322512ms] [ERROR] ./src/app/[locale]/page.tsx:9:1
Module not found: Can't resolve '@/components/public/ContactSection'
   7 | import { TestimonialsCarousel } from '@/components/public/TestimonialsCarousel'
   8 | import { CTABanner } from '@/components/public/CTABanner'
>  9 | import { ContactSection } from '@/components/public/ContactSection'
     | ^^^^^^^^^^^^^^^^^^^^^^^^^^^^^^^^^^^^^^^^^^^^^^^^^^^^^^^^^^^^^^^^^^^
  10 |
  11 | export default function HomePage() {
  12 |   return (

https://nextjs.org/docs/messages/module-not-found @ http://localhost:3000/_next/static/chunks/node_modules_next_dist_f3530cac._.js:3127
[  322512ms] [ERROR] ./src/app/[locale]/page.tsx:2:1
Module not found: Can't resolve '@/components/public/HeroSection'
  1 | import { PublicPageWrapper } from '@/components/public/PublicPageWrapper'
> 2 | import { HeroSection } from '@/components/public/HeroSection'
    | ^^^^^^^^^^^^^^^^^^^^^^^^^^^^^^^^^^^^^^^^^^^^^^^^^^^^^^^^^^^^^
  3 | import { ValueCards } from '@/components/public/ValueCards'
  4 | import { AboutSection } from '@/components/public/AboutSection'
  5 | import { ServicesGrid } from '@/components/public/ServicesGrid'

https://nextjs.org/docs/messages/module-not-found @ http://localhost:3000/_next/static/chunks/node_modules_next_dist_f3530cac._.js:3127
[  322512ms] [ERROR] ./src/app/[locale]/page.tsx:1:1
Module not found: Can't resolve '@/components/public/PublicPageWrapper'
> 1 | import { PublicPageWrapper } from '@/components/public/PublicPageWrapper'
    | ^^^^^^^^^^^^^^^^^^^^^^^^^^^^^^^^^^^^^^^^^^^^^^^^^^^^^^^^^^^^^^^^^^^^^^^^^
  2 | import { HeroSection } from '@/components/public/HeroSection'
  3 | import { ValueCards } from '@/components/public/ValueCards'
  4 | import { AboutSection } from '@/components/public/AboutSection'

https://nextjs.org/docs/messages/module-not-found @ http://localhost:3000/_next/static/chunks/node_modules_next_dist_f3530cac._.js:3127
[  322512ms] [ERROR] ./src/app/[locale]/page.tsx:5:1
Module not found: Can't resolve '@/components/public/ServicesGrid'
  3 | import { ValueCards } from '@/components/public/ValueCards'
  4 | import { AboutSection } from '@/components/public/AboutSection'
> 5 | import { ServicesGrid } from '@/components/public/ServicesGrid'
    | ^^^^^^^^^^^^^^^^^^^^^^^^^^^^^^^^^^^^^^^^^^^^^^^^^^^^^^^^^^^^^^^
  6 | import { TabbedContent } from '@/components/public/TabbedContent'
  7 | import { TestimonialsCarousel } from '@/components/public/TestimonialsCarousel'
  8 | import { CTABanner } from '@/components/public/CTABanner'

https://nextjs.org/docs/messages/module-not-found @ http://localhost:3000/_next/static/chunks/node_modules_next_dist_f3530cac._.js:3127
[  322512ms] [ERROR] ./src/app/[locale]/page.tsx:6:1
Module not found: Can't resolve '@/components/public/TabbedContent'
  4 | import { AboutSection } from '@/components/public/AboutSection'
  5 | import { ServicesGrid } from '@/components/public/ServicesGrid'
> 6 | import { TabbedContent } from '@/components/public/TabbedContent'
    | ^^^^^^^^^^^^^^^^^^^^^^^^^^^^^^^^^^^^^^^^^^^^^^^^^^^^^^^^^^^^^^^^^
  7 | import { TestimonialsCarousel } from '@/components/public/TestimonialsCarousel'
  8 | import { CTABanner } from '@/components/public/CTABanner'
  9 | import { ContactSection } from '@/components/public/ContactSection'

https://nextjs.org/docs/messages/module-not-found @ http://localhost:3000/_next/static/chunks/node_modules_next_dist_f3530cac._.js:3127
[  322512ms] [ERROR] ./src/app/[locale]/page.tsx:7:1
Module not found: Can't resolve '@/components/public/TestimonialsCarousel'
   5 | import { ServicesGrid } from '@/components/public/ServicesGrid'
   6 | import { TabbedContent } from '@/components/public/TabbedContent'
>  7 | import { TestimonialsCarousel } from '@/components/public/TestimonialsCarousel'
     | ^^^^^^^^^^^^^^^^^^^^^^^^^^^^^^^^^^^^^^^^^^^^^^^^^^^^^^^^^^^^^^^^^^^^^^^^^^^^^^^
   8 | import { CTABanner } from '@/components/public/CTABanner'
   9 | import { ContactSection } from '@/components/public/ContactSection'
  10 |

https://nextjs.org/docs/messages/module-not-found @ http://localhost:3000/_next/static/chunks/node_modules_next_dist_f3530cac._.js:3127
[  322512ms] [ERROR] ./src/app/[locale]/page.tsx:3:1
Module not found: Can't resolve '@/components/public/ValueCards'
  1 | import { PublicPageWrapper } from '@/components/public/PublicPageWrapper'
  2 | import { HeroSection } from '@/components/public/HeroSection'
> 3 | import { ValueCards } from '@/components/public/ValueCards'
    | ^^^^^^^^^^^^^^^^^^^^^^^^^^^^^^^^^^^^^^^^^^^^^^^^^^^^^^^^^^^
  4 | import { AboutSection } from '@/components/public/AboutSection'
  5 | import { ServicesGrid } from '@/components/public/ServicesGrid'
  6 | import { TabbedContent } from '@/components/public/TabbedContent'

https://nextjs.org/docs/messages/module-not-found @ http://localhost:3000/_next/static/chunks/node_modules_next_dist_f3530cac._.js:3127
[  322512ms] [ERROR] ./src/app/[locale]/layout.tsx:6:1
Module not found: Can't resolve '@/config/siteConfig'
  4 | import { routing } from '@/i18n/routing';
  5 | import type { Metadata } from 'next'
> 6 | import { siteConfig } from '@/config/siteConfig'
    | ^^^^^^^^^^^^^^^^^^^^^^^^^^^^^^^^^^^^^^^^^^^^^^^^
  7 | import '../globals.css'
  8 |
  9 | export const metadata: Metadata = {

https://nextjs.org/docs/messages/module-not-found @ http://localhost:3000/_next/static/chunks/node_modules_next_dist_f3530cac._.js:3127
[  322513ms] [ERROR] ./src/app/[locale]/layout.tsx:4:1
Module not found: Can't resolve '@/i18n/routing'
  2 | import { getMessages } from 'next-intl/server';
  3 | import { notFound } from 'next/navigation';
> 4 | import { routing } from '@/i18n/routing';
    | ^^^^^^^^^^^^^^^^^^^^^^^^^^^^^^^^^^^^^^^^^
  5 | import type { Metadata } from 'next'
  6 | import { siteConfig } from '@/config/siteConfig'
  7 | import '../globals.css'

https://nextjs.org/docs/messages/module-not-found @ http://localhost:3000/_next/static/chunks/node_modules_next_dist_f3530cac._.js:3127
[  322536ms] [ERROR] ./tsconfig.json:44:2
An issue occurred while parsing a tsconfig.json file.
  42 |     "packages/database"
  43 |   ]
> 44 | }
     |  ^
> 45 | ```
     | ^^
  46 | 

tsconfig is not parseable: invalid JSON: Unexpected token @ http://localhost:3000/_next/static/chunks/node_modules_next_dist_f3530cac._.js:3127
[  322536ms] [ERROR] ./src/app/[locale]/page.tsx:4:1
Module not found: Can't resolve '@/components/public/AboutSection'
  2 | import { HeroSection } from '@/components/public/HeroSection'
  3 | import { ValueCards } from '@/components/public/ValueCards'
> 4 | import { AboutSection } from '@/components/public/AboutSection'
    | ^^^^^^^^^^^^^^^^^^^^^^^^^^^^^^^^^^^^^^^^^^^^^^^^^^^^^^^^^^^^^^^
  5 | import { ServicesGrid } from '@/components/public/ServicesGrid'
  6 | import { TabbedContent } from '@/components/public/TabbedContent'
  7 | import { TestimonialsCarousel } from '@/components/public/TestimonialsCarousel'

https://nextjs.org/docs/messages/module-not-found @ http://localhost:3000/_next/static/chunks/node_modules_next_dist_f3530cac._.js:3127
[  322536ms] [ERROR] ./src/app/[locale]/page.tsx:8:1
Module not found: Can't resolve '@/components/public/CTABanner'
   6 | import { TabbedContent } from '@/components/public/TabbedContent'
   7 | import { TestimonialsCarousel } from '@/components/public/TestimonialsCarousel'
>  8 | import { CTABanner } from '@/components/public/CTABanner'
     | ^^^^^^^^^^^^^^^^^^^^^^^^^^^^^^^^^^^^^^^^^^^^^^^^^^^^^^^^^
   9 | import { ContactSection } from '@/components/public/ContactSection'
  10 |
  11 | export default function HomePage() {

https://nextjs.org/docs/messages/module-not-found @ http://localhost:3000/_next/static/chunks/node_modules_next_dist_f3530cac._.js:3127
[  322536ms] [ERROR] ./src/app/[locale]/page.tsx:9:1
Module not found: Can't resolve '@/components/public/ContactSection'
   7 | import { TestimonialsCarousel } from '@/components/public/TestimonialsCarousel'
   8 | import { CTABanner } from '@/components/public/CTABanner'
>  9 | import { ContactSection } from '@/components/public/ContactSection'
     | ^^^^^^^^^^^^^^^^^^^^^^^^^^^^^^^^^^^^^^^^^^^^^^^^^^^^^^^^^^^^^^^^^^^
  10 |
  11 | export default function HomePage() {
  12 |   return (

https://nextjs.org/docs/messages/module-not-found @ http://localhost:3000/_next/static/chunks/node_modules_next_dist_f3530cac._.js:3127
[  322536ms] [ERROR] ./src/app/[locale]/page.tsx:2:1
Module not found: Can't resolve '@/components/public/HeroSection'
  1 | import { PublicPageWrapper } from '@/components/public/PublicPageWrapper'
> 2 | import { HeroSection } from '@/components/public/HeroSection'
    | ^^^^^^^^^^^^^^^^^^^^^^^^^^^^^^^^^^^^^^^^^^^^^^^^^^^^^^^^^^^^^
  3 | import { ValueCards } from '@/components/public/ValueCards'
  4 | import { AboutSection } from '@/components/public/AboutSection'
  5 | import { ServicesGrid } from '@/components/public/ServicesGrid'

https://nextjs.org/docs/messages/module-not-found @ http://localhost:3000/_next/static/chunks/node_modules_next_dist_f3530cac._.js:3127
[  322537ms] [ERROR] ./src/app/[locale]/page.tsx:1:1
Module not found: Can't resolve '@/components/public/PublicPageWrapper'
> 1 | import { PublicPageWrapper } from '@/components/public/PublicPageWrapper'
    | ^^^^^^^^^^^^^^^^^^^^^^^^^^^^^^^^^^^^^^^^^^^^^^^^^^^^^^^^^^^^^^^^^^^^^^^^^
  2 | import { HeroSection } from '@/components/public/HeroSection'
  3 | import { ValueCards } from '@/components/public/ValueCards'
  4 | import { AboutSection } from '@/components/public/AboutSection'

https://nextjs.org/docs/messages/module-not-found @ http://localhost:3000/_next/static/chunks/node_modules_next_dist_f3530cac._.js:3127
[  322537ms] [ERROR] ./src/app/[locale]/page.tsx:5:1
Module not found: Can't resolve '@/components/public/ServicesGrid'
  3 | import { ValueCards } from '@/components/public/ValueCards'
  4 | import { AboutSection } from '@/components/public/AboutSection'
> 5 | import { ServicesGrid } from '@/components/public/ServicesGrid'
    | ^^^^^^^^^^^^^^^^^^^^^^^^^^^^^^^^^^^^^^^^^^^^^^^^^^^^^^^^^^^^^^^
  6 | import { TabbedContent } from '@/components/public/TabbedContent'
  7 | import { TestimonialsCarousel } from '@/components/public/TestimonialsCarousel'
  8 | import { CTABanner } from '@/components/public/CTABanner'

https://nextjs.org/docs/messages/module-not-found @ http://localhost:3000/_next/static/chunks/node_modules_next_dist_f3530cac._.js:3127
[  322537ms] [ERROR] ./src/app/[locale]/page.tsx:6:1
Module not found: Can't resolve '@/components/public/TabbedContent'
  4 | import { AboutSection } from '@/components/public/AboutSection'
  5 | import { ServicesGrid } from '@/components/public/ServicesGrid'
> 6 | import { TabbedContent } from '@/components/public/TabbedContent'
    | ^^^^^^^^^^^^^^^^^^^^^^^^^^^^^^^^^^^^^^^^^^^^^^^^^^^^^^^^^^^^^^^^^
  7 | import { TestimonialsCarousel } from '@/components/public/TestimonialsCarousel'
  8 | import { CTABanner } from '@/components/public/CTABanner'
  9 | import { ContactSection } from '@/components/public/ContactSection'

https://nextjs.org/docs/messages/module-not-found @ http://localhost:3000/_next/static/chunks/node_modules_next_dist_f3530cac._.js:3127
[  322537ms] [ERROR] ./src/app/[locale]/page.tsx:7:1
Module not found: Can't resolve '@/components/public/TestimonialsCarousel'
   5 | import { ServicesGrid } from '@/components/public/ServicesGrid'
   6 | import { TabbedContent } from '@/components/public/TabbedContent'
>  7 | import { TestimonialsCarousel } from '@/components/public/TestimonialsCarousel'
     | ^^^^^^^^^^^^^^^^^^^^^^^^^^^^^^^^^^^^^^^^^^^^^^^^^^^^^^^^^^^^^^^^^^^^^^^^^^^^^^^
   8 | import { CTABanner } from '@/components/public/CTABanner'
   9 | import { ContactSection } from '@/components/public/ContactSection'
  10 |

https://nextjs.org/docs/messages/module-not-found @ http://localhost:3000/_next/static/chunks/node_modules_next_dist_f3530cac._.js:3127
[  322537ms] [ERROR] ./src/app/[locale]/page.tsx:3:1
Module not found: Can't resolve '@/components/public/ValueCards'
  1 | import { PublicPageWrapper } from '@/components/public/PublicPageWrapper'
  2 | import { HeroSection } from '@/components/public/HeroSection'
> 3 | import { ValueCards } from '@/components/public/ValueCards'
    | ^^^^^^^^^^^^^^^^^^^^^^^^^^^^^^^^^^^^^^^^^^^^^^^^^^^^^^^^^^^
  4 | import { AboutSection } from '@/components/public/AboutSection'
  5 | import { ServicesGrid } from '@/components/public/ServicesGrid'
  6 | import { TabbedContent } from '@/components/public/TabbedContent'

https://nextjs.org/docs/messages/module-not-found @ http://localhost:3000/_next/static/chunks/node_modules_next_dist_f3530cac._.js:3127
[  322537ms] [ERROR] ./src/app/[locale]/layout.tsx:6:1
Module not found: Can't resolve '@/config/siteConfig'
  4 | import { routing } from '@/i18n/routing';
  5 | import type { Metadata } from 'next'
> 6 | import { siteConfig } from '@/config/siteConfig'
    | ^^^^^^^^^^^^^^^^^^^^^^^^^^^^^^^^^^^^^^^^^^^^^^^^
  7 | import '../globals.css'
  8 |
  9 | export const metadata: Metadata = {

https://nextjs.org/docs/messages/module-not-found @ http://localhost:3000/_next/static/chunks/node_modules_next_dist_f3530cac._.js:3127
[  322537ms] [ERROR] ./src/app/[locale]/layout.tsx:4:1
Module not found: Can't resolve '@/i18n/routing'
  2 | import { getMessages } from 'next-intl/server';
  3 | import { notFound } from 'next/navigation';
> 4 | import { routing } from '@/i18n/routing';
    | ^^^^^^^^^^^^^^^^^^^^^^^^^^^^^^^^^^^^^^^^^
  5 | import type { Metadata } from 'next'
  6 | import { siteConfig } from '@/config/siteConfig'
  7 | import '../globals.css'

https://nextjs.org/docs/messages/module-not-found @ http://localhost:3000/_next/static/chunks/node_modules_next_dist_f3530cac._.js:3127
[  322555ms] [ERROR] Failed to load resource: the server responded with a status of 500 (Internal Server Error) @ http://localhost:3000/es:0
[  323032ms] Error: ./tsconfig.json:44:2
An issue occurred while parsing a tsconfig.json file.
  42 |     "packages/database"
  43 |   ]
> 44 | }
     |  ^
> 45 | ```
     | ^^
  46 | 

tsconfig is not parseable: invalid JSON: Unexpected token


    at <unknown> (Error: ./tsconfig.json:44:2)
    at Object.getCompilationErrors (file:///Volumes/ssd/conozca-monorepo/node_modules/next/dist/server/dev/hot-reloader-turbopack.js:997:55)
    at DevBundlerService.getCompilationError (file:///Volumes/ssd/conozca-monorepo/node_modules/next/dist/server/lib/dev-bundler-service.js:44:55)
    at DevServer.getCompilationError (file:///Volumes/ssd/conozca-monorepo/node_modules/next/dist/server/dev/next-dev-server.js:706:42)
    at DevServer.findPageComponents (file:///Volumes/ssd/conozca-monorepo/node_modules/next/dist/server/dev/next-dev-server.js:676:43)
    at async DevServer.renderErrorToResponseImpl (file:///Volumes/ssd/conozca-monorepo/node_modules/next/dist/server/base-server.js:1733:26)
[  323081ms] [ERROR] ./tsconfig.json:44:2
An issue occurred while parsing a tsconfig.json file.
  42 |     "packages/database"
  43 |   ]
> 44 | }
     |  ^
> 45 | ```
     | ^^
  46 | 

tsconfig is not parseable: invalid JSON: Unexpected token @ http://localhost:3000/_next/static/chunks/node_modules_next_dist_b3fb3b5f._.js:1920
[  323082ms] [ERROR] ./tsconfig.json:44:2
An issue occurred while parsing a tsconfig.json file.
  42 |     "packages/database"
  43 |   ]
> 44 | }
     |  ^
> 45 | ```
     | ^^
  46 | 

tsconfig is not parseable: invalid JSON: Unexpected token @ http://localhost:3000/_next/static/chunks/node_modules_next_dist_b3fb3b5f._.js:1920
[  323082ms] [ERROR] ./src/app/[locale]/page.tsx:4:1
Module not found: Can't resolve '@/components/public/AboutSection'
  2 | import { HeroSection } from '@/components/public/HeroSection'
  3 | import { ValueCards } from '@/components/public/ValueCards'
> 4 | import { AboutSection } from '@/components/public/AboutSection'
    | ^^^^^^^^^^^^^^^^^^^^^^^^^^^^^^^^^^^^^^^^^^^^^^^^^^^^^^^^^^^^^^^
  5 | import { ServicesGrid } from '@/components/public/ServicesGrid'
  6 | import { TabbedContent } from '@/components/public/TabbedContent'
  7 | import { TestimonialsCarousel } from '@/components/public/TestimonialsCarousel'

https://nextjs.org/docs/messages/module-not-found @ http://localhost:3000/_next/static/chunks/node_modules_next_dist_b3fb3b5f._.js:1920
[  323082ms] [ERROR] ./src/app/[locale]/page.tsx:8:1
Module not found: Can't resolve '@/components/public/CTABanner'
   6 | import { TabbedContent } from '@/components/public/TabbedContent'
   7 | import { TestimonialsCarousel } from '@/components/public/TestimonialsCarousel'
>  8 | import { CTABanner } from '@/components/public/CTABanner'
     | ^^^^^^^^^^^^^^^^^^^^^^^^^^^^^^^^^^^^^^^^^^^^^^^^^^^^^^^^^
   9 | import { ContactSection } from '@/components/public/ContactSection'
  10 |
  11 | export default function HomePage() {

https://nextjs.org/docs/messages/module-not-found @ http://localhost:3000/_next/static/chunks/node_modules_next_dist_b3fb3b5f._.js:1920
[  323082ms] [ERROR] ./src/app/[locale]/page.tsx:9:1
Module not found: Can't resolve '@/components/public/ContactSection'
   7 | import { TestimonialsCarousel } from '@/components/public/TestimonialsCarousel'
   8 | import { CTABanner } from '@/components/public/CTABanner'
>  9 | import { ContactSection } from '@/components/public/ContactSection'
     | ^^^^^^^^^^^^^^^^^^^^^^^^^^^^^^^^^^^^^^^^^^^^^^^^^^^^^^^^^^^^^^^^^^^
  10 |
  11 | export default function HomePage() {
  12 |   return (

https://nextjs.org/docs/messages/module-not-found @ http://localhost:3000/_next/static/chunks/node_modules_next_dist_b3fb3b5f._.js:1920
[  323082ms] [ERROR] ./src/app/[locale]/page.tsx:2:1
Module not found: Can't resolve '@/components/public/HeroSection'
  1 | import { PublicPageWrapper } from '@/components/public/PublicPageWrapper'
> 2 | import { HeroSection } from '@/components/public/HeroSection'
    | ^^^^^^^^^^^^^^^^^^^^^^^^^^^^^^^^^^^^^^^^^^^^^^^^^^^^^^^^^^^^^
  3 | import { ValueCards } from '@/components/public/ValueCards'
  4 | import { AboutSection } from '@/components/public/AboutSection'
  5 | import { ServicesGrid } from '@/components/public/ServicesGrid'

https://nextjs.org/docs/messages/module-not-found @ http://localhost:3000/_next/static/chunks/node_modules_next_dist_b3fb3b5f._.js:1920
[  323082ms] [ERROR] ./src/app/[locale]/page.tsx:1:1
Module not found: Can't resolve '@/components/public/PublicPageWrapper'
> 1 | import { PublicPageWrapper } from '@/components/public/PublicPageWrapper'
    | ^^^^^^^^^^^^^^^^^^^^^^^^^^^^^^^^^^^^^^^^^^^^^^^^^^^^^^^^^^^^^^^^^^^^^^^^^
  2 | import { HeroSection } from '@/components/public/HeroSection'
  3 | import { ValueCards } from '@/components/public/ValueCards'
  4 | import { AboutSection } from '@/components/public/AboutSection'

https://nextjs.org/docs/messages/module-not-found @ http://localhost:3000/_next/static/chunks/node_modules_next_dist_b3fb3b5f._.js:1920
[  323082ms] [ERROR] ./src/app/[locale]/page.tsx:5:1
Module not found: Can't resolve '@/components/public/ServicesGrid'
  3 | import { ValueCards } from '@/components/public/ValueCards'
  4 | import { AboutSection } from '@/components/public/AboutSection'
> 5 | import { ServicesGrid } from '@/components/public/ServicesGrid'
    | ^^^^^^^^^^^^^^^^^^^^^^^^^^^^^^^^^^^^^^^^^^^^^^^^^^^^^^^^^^^^^^^
  6 | import { TabbedContent } from '@/components/public/TabbedContent'
  7 | import { TestimonialsCarousel } from '@/components/public/TestimonialsCarousel'
  8 | import { CTABanner } from '@/components/public/CTABanner'

https://nextjs.org/docs/messages/module-not-found @ http://localhost:3000/_next/static/chunks/node_modules_next_dist_b3fb3b5f._.js:1920
[  323082ms] [ERROR] ./src/app/[locale]/page.tsx:6:1
Module not found: Can't resolve '@/components/public/TabbedContent'
  4 | import { AboutSection } from '@/components/public/AboutSection'
  5 | import { ServicesGrid } from '@/components/public/ServicesGrid'
> 6 | import { TabbedContent } from '@/components/public/TabbedContent'
    | ^^^^^^^^^^^^^^^^^^^^^^^^^^^^^^^^^^^^^^^^^^^^^^^^^^^^^^^^^^^^^^^^^
  7 | import { TestimonialsCarousel } from '@/components/public/TestimonialsCarousel'
  8 | import { CTABanner } from '@/components/public/CTABanner'
  9 | import { ContactSection } from '@/components/public/ContactSection'

https://nextjs.org/docs/messages/module-not-found @ http://localhost:3000/_next/static/chunks/node_modules_next_dist_b3fb3b5f._.js:1920
[  323083ms] [ERROR] ./src/app/[locale]/page.tsx:7:1
Module not found: Can't resolve '@/components/public/TestimonialsCarousel'
   5 | import { ServicesGrid } from '@/components/public/ServicesGrid'
   6 | import { TabbedContent } from '@/components/public/TabbedContent'
>  7 | import { TestimonialsCarousel } from '@/components/public/TestimonialsCarousel'
     | ^^^^^^^^^^^^^^^^^^^^^^^^^^^^^^^^^^^^^^^^^^^^^^^^^^^^^^^^^^^^^^^^^^^^^^^^^^^^^^^
   8 | import { CTABanner } from '@/components/public/CTABanner'
   9 | import { ContactSection } from '@/components/public/ContactSection'
  10 |

https://nextjs.org/docs/messages/module-not-found @ http://localhost:3000/_next/static/chunks/node_modules_next_dist_b3fb3b5f._.js:1920
[  323083ms] [ERROR] ./src/app/[locale]/page.tsx:3:1
Module not found: Can't resolve '@/components/public/ValueCards'
  1 | import { PublicPageWrapper } from '@/components/public/PublicPageWrapper'
  2 | import { HeroSection } from '@/components/public/HeroSection'
> 3 | import { ValueCards } from '@/components/public/ValueCards'
    | ^^^^^^^^^^^^^^^^^^^^^^^^^^^^^^^^^^^^^^^^^^^^^^^^^^^^^^^^^^^
  4 | import { AboutSection } from '@/components/public/AboutSection'
  5 | import { ServicesGrid } from '@/components/public/ServicesGrid'
  6 | import { TabbedContent } from '@/components/public/TabbedContent'

https://nextjs.org/docs/messages/module-not-found @ http://localhost:3000/_next/static/chunks/node_modules_next_dist_b3fb3b5f._.js:1920
[  323083ms] [ERROR] ./src/app/[locale]/layout.tsx:6:1
Module not found: Can't resolve '@/config/siteConfig'
  4 | import { routing } from '@/i18n/routing';
  5 | import type { Metadata } from 'next'
> 6 | import { siteConfig } from '@/config/siteConfig'
    | ^^^^^^^^^^^^^^^^^^^^^^^^^^^^^^^^^^^^^^^^^^^^^^^^
  7 | import '../globals.css'
  8 |
  9 | export const metadata: Metadata = {

https://nextjs.org/docs/messages/module-not-found @ http://localhost:3000/_next/static/chunks/node_modules_next_dist_b3fb3b5f._.js:1920
[  323083ms] [ERROR] ./src/app/[locale]/layout.tsx:4:1
Module not found: Can't resolve '@/i18n/routing'
  2 | import { getMessages } from 'next-intl/server';
  3 | import { notFound } from 'next/navigation';
> 4 | import { routing } from '@/i18n/routing';
    | ^^^^^^^^^^^^^^^^^^^^^^^^^^^^^^^^^^^^^^^^^
  5 | import type { Metadata } from 'next'
  6 | import { siteConfig } from '@/config/siteConfig'
  7 | import '../globals.css'

https://nextjs.org/docs/messages/module-not-found @ http://localhost:3000/_next/static/chunks/node_modules_next_dist_b3fb3b5f._.js:1920
[  323083ms] [ERROR] ./tsconfig.json:44:2
An issue occurred while parsing a tsconfig.json file.
  42 |     "packages/database"
  43 |   ]
> 44 | }
     |  ^
> 45 | ```
     | ^^
  46 | 

tsconfig is not parseable: invalid JSON: Unexpected token @ http://localhost:3000/_next/static/chunks/node_modules_next_dist_b3fb3b5f._.js:1920
[  323083ms] [ERROR] ./tsconfig.json:44:2
An issue occurred while parsing a tsconfig.json file.
  42 |     "packages/database"
  43 |   ]
> 44 | }
     |  ^
> 45 | ```
     | ^^
  46 | 

tsconfig is not parseable: invalid JSON: Unexpected token @ http://localhost:3000/_next/static/chunks/node_modules_next_dist_b3fb3b5f._.js:1920
[  323083ms] [ERROR] ./tsconfig.json:44:2
An issue occurred while parsing a tsconfig.json file.
  42 |     "packages/database"
  43 |   ]
> 44 | }
     |  ^
> 45 | ```
     | ^^
  46 | 

tsconfig is not parseable: invalid JSON: Unexpected token @ http://localhost:3000/_next/static/chunks/node_modules_next_dist_b3fb3b5f._.js:1920
[  323144ms] [ERROR] ./tsconfig.json:44:2
An issue occurred while parsing a tsconfig.json file.
  42 |     "packages/database"
  43 |   ]
> 44 | }
     |  ^
> 45 | ```
     | ^^
  46 | 

tsconfig is not parseable: invalid JSON: Unexpected token @ http://localhost:3000/_next/static/chunks/node_modules_next_dist_b3fb3b5f._.js:1920
[  323144ms] [ERROR] ./src/app/[locale]/page.tsx:4:1
Module not found: Can't resolve '@/components/public/AboutSection'
  2 | import { HeroSection } from '@/components/public/HeroSection'
  3 | import { ValueCards } from '@/components/public/ValueCards'
> 4 | import { AboutSection } from '@/components/public/AboutSection'
    | ^^^^^^^^^^^^^^^^^^^^^^^^^^^^^^^^^^^^^^^^^^^^^^^^^^^^^^^^^^^^^^^
  5 | import { ServicesGrid } from '@/components/public/ServicesGrid'
  6 | import { TabbedContent } from '@/components/public/TabbedContent'
  7 | import { TestimonialsCarousel } from '@/components/public/TestimonialsCarousel'

https://nextjs.org/docs/messages/module-not-found @ http://localhost:3000/_next/static/chunks/node_modules_next_dist_b3fb3b5f._.js:1920
[  323145ms] [ERROR] ./src/app/[locale]/page.tsx:8:1
Module not found: Can't resolve '@/components/public/CTABanner'
   6 | import { TabbedContent } from '@/components/public/TabbedContent'
   7 | import { TestimonialsCarousel } from '@/components/public/TestimonialsCarousel'
>  8 | import { CTABanner } from '@/components/public/CTABanner'
     | ^^^^^^^^^^^^^^^^^^^^^^^^^^^^^^^^^^^^^^^^^^^^^^^^^^^^^^^^^
   9 | import { ContactSection } from '@/components/public/ContactSection'
  10 |
  11 | export default function HomePage() {

https://nextjs.org/docs/messages/module-not-found @ http://localhost:3000/_next/static/chunks/node_modules_next_dist_b3fb3b5f._.js:1920
[  323145ms] [ERROR] ./src/app/[locale]/page.tsx:9:1
Module not found: Can't resolve '@/components/public/ContactSection'
   7 | import { TestimonialsCarousel } from '@/components/public/TestimonialsCarousel'
   8 | import { CTABanner } from '@/components/public/CTABanner'
>  9 | import { ContactSection } from '@/components/public/ContactSection'
     | ^^^^^^^^^^^^^^^^^^^^^^^^^^^^^^^^^^^^^^^^^^^^^^^^^^^^^^^^^^^^^^^^^^^
  10 |
  11 | export default function HomePage() {
  12 |   return (

https://nextjs.org/docs/messages/module-not-found @ http://localhost:3000/_next/static/chunks/node_modules_next_dist_b3fb3b5f._.js:1920
[  323145ms] [ERROR] ./src/app/[locale]/page.tsx:2:1
Module not found: Can't resolve '@/components/public/HeroSection'
  1 | import { PublicPageWrapper } from '@/components/public/PublicPageWrapper'
> 2 | import { HeroSection } from '@/components/public/HeroSection'
    | ^^^^^^^^^^^^^^^^^^^^^^^^^^^^^^^^^^^^^^^^^^^^^^^^^^^^^^^^^^^^^
  3 | import { ValueCards } from '@/components/public/ValueCards'
  4 | import { AboutSection } from '@/components/public/AboutSection'
  5 | import { ServicesGrid } from '@/components/public/ServicesGrid'

https://nextjs.org/docs/messages/module-not-found @ http://localhost:3000/_next/static/chunks/node_modules_next_dist_b3fb3b5f._.js:1920
[  323145ms] [ERROR] ./src/app/[locale]/page.tsx:1:1
Module not found: Can't resolve '@/components/public/PublicPageWrapper'
> 1 | import { PublicPageWrapper } from '@/components/public/PublicPageWrapper'
    | ^^^^^^^^^^^^^^^^^^^^^^^^^^^^^^^^^^^^^^^^^^^^^^^^^^^^^^^^^^^^^^^^^^^^^^^^^
  2 | import { HeroSection } from '@/components/public/HeroSection'
  3 | import { ValueCards } from '@/components/public/ValueCards'
  4 | import { AboutSection } from '@/components/public/AboutSection'

https://nextjs.org/docs/messages/module-not-found @ http://localhost:3000/_next/static/chunks/node_modules_next_dist_b3fb3b5f._.js:1920
[  323145ms] [ERROR] ./src/app/[locale]/page.tsx:5:1
Module not found: Can't resolve '@/components/public/ServicesGrid'
  3 | import { ValueCards } from '@/components/public/ValueCards'
  4 | import { AboutSection } from '@/components/public/AboutSection'
> 5 | import { ServicesGrid } from '@/components/public/ServicesGrid'
    | ^^^^^^^^^^^^^^^^^^^^^^^^^^^^^^^^^^^^^^^^^^^^^^^^^^^^^^^^^^^^^^^
  6 | import { TabbedContent } from '@/components/public/TabbedContent'
  7 | import { TestimonialsCarousel } from '@/components/public/TestimonialsCarousel'
  8 | import { CTABanner } from '@/components/public/CTABanner'

https://nextjs.org/docs/messages/module-not-found @ http://localhost:3000/_next/static/chunks/node_modules_next_dist_b3fb3b5f._.js:1920
[  323145ms] [ERROR] ./src/app/[locale]/page.tsx:6:1
Module not found: Can't resolve '@/components/public/TabbedContent'
  4 | import { AboutSection } from '@/components/public/AboutSection'
  5 | import { ServicesGrid } from '@/components/public/ServicesGrid'
> 6 | import { TabbedContent } from '@/components/public/TabbedContent'
    | ^^^^^^^^^^^^^^^^^^^^^^^^^^^^^^^^^^^^^^^^^^^^^^^^^^^^^^^^^^^^^^^^^
  7 | import { TestimonialsCarousel } from '@/components/public/TestimonialsCarousel'
  8 | import { CTABanner } from '@/components/public/CTABanner'
  9 | import { ContactSection } from '@/components/public/ContactSection'

https://nextjs.org/docs/messages/module-not-found @ http://localhost:3000/_next/static/chunks/node_modules_next_dist_b3fb3b5f._.js:1920
[  323145ms] [ERROR] ./src/app/[locale]/page.tsx:7:1
Module not found: Can't resolve '@/components/public/TestimonialsCarousel'
   5 | import { ServicesGrid } from '@/components/public/ServicesGrid'
   6 | import { TabbedContent } from '@/components/public/TabbedContent'
>  7 | import { TestimonialsCarousel } from '@/components/public/TestimonialsCarousel'
     | ^^^^^^^^^^^^^^^^^^^^^^^^^^^^^^^^^^^^^^^^^^^^^^^^^^^^^^^^^^^^^^^^^^^^^^^^^^^^^^^
   8 | import { CTABanner } from '@/components/public/CTABanner'
   9 | import { ContactSection } from '@/components/public/ContactSection'
  10 |

https://nextjs.org/docs/messages/module-not-found @ http://localhost:3000/_next/static/chunks/node_modules_next_dist_b3fb3b5f._.js:1920
[  323145ms] [ERROR] ./src/app/[locale]/page.tsx:3:1
Module not found: Can't resolve '@/components/public/ValueCards'
  1 | import { PublicPageWrapper } from '@/components/public/PublicPageWrapper'
  2 | import { HeroSection } from '@/components/public/HeroSection'
> 3 | import { ValueCards } from '@/components/public/ValueCards'
    | ^^^^^^^^^^^^^^^^^^^^^^^^^^^^^^^^^^^^^^^^^^^^^^^^^^^^^^^^^^^
  4 | import { AboutSection } from '@/components/public/AboutSection'
  5 | import { ServicesGrid } from '@/components/public/ServicesGrid'
  6 | import { TabbedContent } from '@/components/public/TabbedContent'

https://nextjs.org/docs/messages/module-not-found @ http://localhost:3000/_next/static/chunks/node_modules_next_dist_b3fb3b5f._.js:1920
[  323145ms] [ERROR] ./src/app/[locale]/layout.tsx:6:1
Module not found: Can't resolve '@/config/siteConfig'
  4 | import { routing } from '@/i18n/routing';
  5 | import type { Metadata } from 'next'
> 6 | import { siteConfig } from '@/config/siteConfig'
    | ^^^^^^^^^^^^^^^^^^^^^^^^^^^^^^^^^^^^^^^^^^^^^^^^
  7 | import '../globals.css'
  8 |
  9 | export const metadata: Metadata = {

https://nextjs.org/docs/messages/module-not-found @ http://localhost:3000/_next/static/chunks/node_modules_next_dist_b3fb3b5f._.js:1920
[  323145ms] [ERROR] ./src/app/[locale]/layout.tsx:4:1
Module not found: Can't resolve '@/i18n/routing'
  2 | import { getMessages } from 'next-intl/server';
  3 | import { notFound } from 'next/navigation';
> 4 | import { routing } from '@/i18n/routing';
    | ^^^^^^^^^^^^^^^^^^^^^^^^^^^^^^^^^^^^^^^^^
  5 | import type { Metadata } from 'next'
  6 | import { siteConfig } from '@/config/siteConfig'
  7 | import '../globals.css'

https://nextjs.org/docs/messages/module-not-found @ http://localhost:3000/_next/static/chunks/node_modules_next_dist_b3fb3b5f._.js:1920
[  337970ms] [ERROR] ./tsconfig.json:44:2
An issue occurred while parsing a tsconfig.json file.
  42 |     "packages/database"
  43 |   ]
> 44 | }
     |  ^
> 45 | ```
     | ^^
  46 | 

tsconfig is not parseable: invalid JSON: Unexpected token @ http://localhost:3000/_next/static/chunks/node_modules_next_dist_b3fb3b5f._.js:1920
[  339657ms] [ERROR] ./tsconfig.json:44:2
An issue occurred while parsing a tsconfig.json file.
  42 |     "packages/database"
  43 |   ]
> 44 | }
     |  ^
> 45 | ```
     | ^^
  46 | 

tsconfig is not parseable: invalid JSON: Unexpected token @ http://localhost:3000/_next/static/chunks/node_modules_next_dist_b3fb3b5f._.js:1920
[  339865ms] [ERROR] ./tsconfig.json:44:2
An issue occurred while parsing a tsconfig.json file.
  42 |     "packages/database"
  43 |   ]
> 44 | }
     |  ^
> 45 | ```
     | ^^
  46 | 

tsconfig is not parseable: invalid JSON: Unexpected token @ http://localhost:3000/_next/static/chunks/node_modules_next_dist_b3fb3b5f._.js:1920
[  340357ms] [ERROR] ./tsconfig.json:44:2
An issue occurred while parsing a tsconfig.json file.
  42 |     "packages/database"
  43 |   ]
> 44 | }
     |  ^
> 45 | ```
     | ^^
  46 | 

tsconfig is not parseable: invalid JSON: Unexpected token @ http://localhost:3000/_next/static/chunks/node_modules_next_dist_f3530cac._.js:3127
[  340393ms] [ERROR] ./tsconfig.json:44:2
An issue occurred while parsing a tsconfig.json file.
  42 |     "packages/database"
  43 |   ]
> 44 | }
     |  ^
> 45 | ```
     | ^^
  46 | 

tsconfig is not parseable: invalid JSON: Unexpected token @ http://localhost:3000/_next/static/chunks/node_modules_next_dist_f3530cac._.js:3127
[  343787ms] [ERROR] ./tsconfig.json:44:2
An issue occurred while parsing a tsconfig.json file.
  42 |     "packages/database"
  43 |   ]
> 44 | }
     |  ^
> 45 | ```
     | ^^
  46 | 

tsconfig is not parseable: invalid JSON: Unexpected token @ http://localhost:3000/_next/static/chunks/node_modules_next_dist_f3530cac._.js:3127
